<testsuite tests="21" failures="0" skipped="1"><testcase name="source_verification_gate" /><testcase name="token_budget_gate" /><testcase name="source_consideration_matrix_gate" /><testcase name="no_live_routing_gate" /><testcase name="no_payload_transfer_gate" /><testcase name="no_real_write_gate" /><testcase name="no_qh_write_gate" /><testcase name="no_shared_slot_write_gate" /><testcase name="no_external_memory_write_gate" /><testcase name="no_commit_gate" /><testcase name="no_production_activation_gate" /><testcase name="redaction_gate" /><testcase name="audit_chain_gate" /><testcase name="deterministic_replay_gate" /><testcase name="trace_corpus_replay_gate" /><testcase name="ci_matrix_hardening_gate" /><testcase name="extended_safety_regression_gate" /><testcase name="remediation_closure_gate" /><testcase name="full_printout_gate" /><testcase name="ship_check_gate" /><testcase name="pytest_optional"><skipped /></testcase></testsuite>