<testsuite name="qspin_prod5_safety_regression" tests="14" failures="0"><testcase classname="QSPIN_PROD5" name="no live route activation" /><testcase classname="QSPIN_PROD5" name="no real payload transfer" /><testcase classname="QSPIN_PROD5" name="no production write" /><testcase classname="QSPIN_PROD5" name="no QH write" /><testcase classname="QSPIN_PROD5" name="no shared-slot write" /><testcase classname="QSPIN_PROD5" name="no external-memory write" /><testcase classname="QSPIN_PROD5" name="no topology execution" /><testcase classname="QSPIN_PROD5" name="no commit execution" /><testcase classname="QSPIN_PROD5" name="no network call" /><testcase classname="QSPIN_PROD5" name="deterministic replay" /><testcase classname="QSPIN_PROD5" name="malformed input handling" /><testcase classname="QSPIN_PROD5" name="redaction behavior" /><testcase classname="QSPIN_PROD5" name="audit-chain completeness" /><testcase classname="QSPIN_PROD5" name="bounded payload handling" /></testsuite>